Fri May 23 11:49:06 AEST 2025
MaxEnt version 3.4.3
Reading file absence
readGrid: max memory 477626368, total allocated 228065280, free 174381112, used 53684168, increment 16464784
Reading samples from presence
Read samples: max memory 477626368, total allocated 227016704, free 204360096, used 22656608, increment -31027560
Adding samples to background in feature space
Command line used:  autorun -e C:/Users/n11222026/OneDrive - Queensland University of Technology/Code/EastAntISDM/Outputs/Ensemble/Lichen/Maxent_outputs/absence -o C:/Users/n11222026/OneDrive - Queensland University of Technology/Code/EastAntISDM/Outputs/Ensemble/Lichen/Maxent_outputs -s C:/Users/n11222026/OneDrive - Queensland University of Technology/Code/EastAntISDM/Outputs/Ensemble/Lichen/Maxent_outputs/presence -z nothreshold responsecurves=true
Command line to repeat: java density.MaxEnt nowarnings noprefixes responsecurves "outputdirectory=C:/Users/n11222026/OneDrive - Queensland University of Technology/Code/EastAntISDM/Outputs/Ensemble/Lichen/Maxent_outputs" "samplesfile=C:/Users/n11222026/OneDrive - Queensland University of Technology/Code/EastAntISDM/Outputs/Ensemble/Lichen/Maxent_outputs/presence" "environmentallayers=C:/Users/n11222026/OneDrive - Queensland University of Technology/Code/EastAntISDM/Outputs/Ensemble/Lichen/Maxent_outputs/absence" autorun novisible
Species: species
Layers: dist_seasonal_water dist_station dist_vertebrates northness slope twi
Layertypes: Continuous Continuous Continuous Continuous Continuous Continuous
responsecurves: true
outputdirectory: C:/Users/n11222026/OneDrive - Queensland University of Technology/Code/EastAntISDM/Outputs/Ensemble/Lichen/Maxent_outputs
samplesfile: C:/Users/n11222026/OneDrive - Queensland University of Technology/Code/EastAntISDM/Outputs/Ensemble/Lichen/Maxent_outputs/presence
environmentallayers: C:/Users/n11222026/OneDrive - Queensland University of Technology/Code/EastAntISDM/Outputs/Ensemble/Lichen/Maxent_outputs/absence
autorun: true
visible: false

getSamples: max memory 477626368, total allocated 227016704, free 191960576, used 35056128, increment 12399520
Making features
makeFeatures: max memory 477626368, total allocated 227016704, free 190422888, used 36593816, increment 1537688
species: 
Regularization values: linear/quadratic/product: 0.050, categorical: 0.250, threshold: 1.000, hinge: 0.500
1371 samples
Density: max memory 477626368, total allocated 227016704, free 184168504, used 42848200, increment 6254384
linearPredictor: max memory 477626368, total allocated 227016704, free 184168504, used 42848200, increment 0
FeaturedSpace: max memory 477626368, total allocated 227016704, free 184168504, used 42848200, increment 0
Sequential: max memory 477626368, total allocated 227016704, free 184168504, used 42848200, increment 0
Initial loss: 8.103191752285786
Time since start: 3.372
500: time = 3.263000 loss = 7.641433
Resulting gain: 0.4617588278906153
Projecting...
Writing file C:\Users\n11222026\OneDrive - Queensland University of Technology\Code\EastAntISDM\Outputs\Ensemble\Lichen\Maxent_outputs\species.csv
species response curves
Response curve: only dist_seasonal_water
Making features
makeFeatures: max memory 477626368, total allocated 208666624, free 177370288, used 31296336, increment -11551864
species dist_seasonal_water: 
Regularization values: linear/quadratic/product: 0.050, categorical: 0.250, threshold: 1.000, hinge: 0.500
1371 samples
Density: max memory 477626368, total allocated 208666624, free 176716680, used 31949944, increment 653608
linearPredictor: max memory 477626368, total allocated 208666624, free 176716680, used 31949944, increment 0
FeaturedSpace: max memory 477626368, total allocated 208666624, free 176716680, used 31949944, increment 0
Sequential: max memory 477626368, total allocated 208666624, free 176716680, used 31949944, increment 0
Initial loss: 8.103191752285786
Time since start: 4.646
500: time = 0.696000 loss = 7.799301
Resulting gain: 0.3038902710684397
species response curves
Response curve: only dist_station
Making features
makeFeatures: max memory 477626368, total allocated 209190912, free 165579416, used 43611496, increment 11661552
species dist_station: 
Regularization values: linear/quadratic/product: 0.050, categorical: 0.250, threshold: 1.000, hinge: 0.500
1371 samples
Density: max memory 477626368, total allocated 209190912, free 164922904, used 44268008, increment 656512
linearPredictor: max memory 477626368, total allocated 209190912, free 164922904, used 44268008, increment 0
FeaturedSpace: max memory 477626368, total allocated 209190912, free 164922904, used 44268008, increment 0
Sequential: max memory 477626368, total allocated 209190912, free 164922904, used 44268008, increment 0
Initial loss: 8.103191752285786
380: time = 0.499000 loss = 7.942128
Resulting gain: 0.16106344499823422
species response curves
Response curve: only dist_vertebrates
Making features
makeFeatures: max memory 477626368, total allocated 209190912, free 174509136, used 34681776, increment -9586232
species dist_vertebrates: 
Regularization values: linear/quadratic/product: 0.050, categorical: 0.250, threshold: 1.000, hinge: 0.500
1371 samples
Density: max memory 477626368, total allocated 209190912, free 173862192, used 35328720, increment 646944
linearPredictor: max memory 477626368, total allocated 209190912, free 173862192, used 35328720, increment 0
FeaturedSpace: max memory 477626368, total allocated 209190912, free 173862192, used 35328720, increment 0
Sequential: max memory 477626368, total allocated 209190912, free 173862192, used 35328720, increment 0
Initial loss: 8.103191752285786
Time since start: 5.874
420: time = 0.599000 loss = 7.918886
Resulting gain: 0.18430571488355962
species response curves
Response curve: only northness
Making features
makeFeatures: max memory 477626368, total allocated 208666624, free 164597360, used 44069264, increment 8740544
species northness: 
Regularization values: linear/quadratic/product: 0.050, categorical: 0.250, threshold: 1.000, hinge: 0.500
1371 samples
Density: max memory 477626368, total allocated 208666624, free 163949248, used 44717376, increment 648112
linearPredictor: max memory 477626368, total allocated 208666624, free 163949248, used 44717376, increment 0
FeaturedSpace: max memory 477626368, total allocated 208666624, free 163949248, used 44717376, increment 0
Sequential: max memory 477626368, total allocated 208666624, free 163949248, used 44717376, increment 0
Initial loss: 8.103191752285786
180: time = 0.300000 loss = 7.993403
Resulting gain: 0.10978844161904622
species response curves
Response curve: only slope
Making features
makeFeatures: max memory 477626368, total allocated 208666624, free 171005688, used 37660936, increment -7056440
species slope: 
Regularization values: linear/quadratic/product: 0.050, categorical: 0.250, threshold: 1.000, hinge: 0.500
1371 samples
Density: max memory 477626368, total allocated 208666624, free 170344064, used 38322560, increment 661624
linearPredictor: max memory 477626368, total allocated 208666624, free 170344064, used 38322560, increment 0
FeaturedSpace: max memory 477626368, total allocated 208666624, free 170344064, used 38322560, increment 0
Sequential: max memory 477626368, total allocated 208666624, free 170344064, used 38322560, increment 0
Initial loss: 8.103191752285786
260: time = 0.373000 loss = 7.999524
Resulting gain: 0.10366775156812569
species response curves
Response curve: only twi
Making features
makeFeatures: max memory 477626368, total allocated 208666624, free 171907896, used 36758728, increment -1563832
species twi: 
Regularization values: linear/quadratic/product: 0.050, categorical: 0.250, threshold: 1.000, hinge: 0.500
1371 samples
Density: max memory 477626368, total allocated 208666624, free 171246296, used 37420328, increment 661600
linearPredictor: max memory 477626368, total allocated 208666624, free 171246296, used 37420328, increment 0
FeaturedSpace: max memory 477626368, total allocated 208666624, free 171246296, used 37420328, increment 0
Sequential: max memory 477626368, total allocated 208666624, free 171246296, used 37420328, increment 0
Initial loss: 8.103191752285786
Time since start: 7.438
400: time = 0.610000 loss = 7.939043
Resulting gain: 0.16414841722738593
species response curves
Ending
